<?xml version="1.0" encoding="UTF-8"?>
<!-- Generated by org.testng.reporters.JUnitXMLReporter -->
<testsuite hostname="LAPTOP-DVLM8C7C" ignored="0" name="Edureka Application Functional Test set 002" tests="4" failures="1" timestamp="09 Feb 2019 01:09:18 GMT" time="198.045" errors="0">
  <testcase name="verifyBlogPageTitleTest" time="100.166" classname="co.edureka.qa.testcases.BlogPageTest">
    <skipped/>
  </testcase> <!-- verifyBlogPageTitleTest -->
  <testcase name="verifyBlogPageTitleTest" time="11.62" classname="co.edureka.qa.testcases.BlogPageTest">
    <skipped/>
  </testcase> <!-- verifyBlogPageTitleTest -->
  <testcase name="verifyBlogPageTitleTest" time="12.171" classname="co.edureka.qa.testcases.BlogPageTest">
    <failure type="java.lang.AssertionError" message="Blog page title matched expected [Edureka - Edurekaam - Discover Learning] but found [Edureka - Edureka - Discover Learning]">
      <![CDATA[java.lang.AssertionError: Blog page title matched expected [Edureka - Edurekaam - Discover Learning] but found [Edureka - Edureka - Discover Learning]
at co.edureka.qa.testcases.BlogPageTest.verifyBlogPageTitleTest(BlogPageTest.java:62)
... Removed 30 stack frames]]>
    </failure>
  </testcase> <!-- verifyBlogPageTitleTest -->
  <testcase name="searchblog" time="12.109" classname="co.edureka.qa.testcases.BlogPageTest"/>
</testsuite> <!-- Edureka Application Functional Test set 002 -->
