<!DOCTYPE html PUBLIC "-//W3C//DTD XHTML 1.1//EN" "http://www.w3.org/TR/xhtml11/DTD/xhtml11.dtd">
<html xmlns="http://www.w3.org/1999/xhtml">
<head>
<meta http-equiv="content-type" content="text/html; charset=UTF-8"/>
<title>TestNG Report</title>
<style type="text/css">table {margin-bottom:10px;border-collapse:collapse;empty-cells:show}th,td {border:1px solid #009;padding:.25em .5em}th {vertical-align:bottom}td {vertical-align:top}table a {font-weight:bold}.stripe td {background-color: #E6EBF9}.num {text-align:right}.passedodd td {background-color: #3F3}.passedeven td {background-color: #0A0}.skippedodd td {background-color: #DDD}.skippedeven td {background-color: #CCC}.failedodd td,.attn {background-color: #F33}.failedeven td,.stripe .attn {background-color: #D00}.stacktrace {white-space:pre;font-family:monospace}.totop {font-size:85%;text-align:center;border-bottom:2px solid #000}.invisible {display:none}</style>
</head>
<body>
<table>
<tr><th>Test</th><th># Passed</th><th># Skipped</th><th># Failed</th><th>Time (ms)</th><th>Included Groups</th><th>Excluded Groups</th></tr>
<tr><th colspan="7">Edureka Application Test Automation Test suite</th></tr>
<tr><td><a href="#t0">Edureka Application Functional Test set 001</a></td><td class="num">3</td><td class="num">0</td><td class="num">0</td><td class="num">39,050</td><td></td><td></td></tr>
<tr class="stripe"><td><a href="#t1">Edureka Application Functional Test set 002</a></td><td class="num">1</td><td class="num attn">2</td><td class="num attn">1</td><td class="num">198,045</td><td></td><td></td></tr>
<tr><td><a href="#t2">Edureka Application Functional Test set 003</a></td><td class="num">6</td><td class="num attn">1</td><td class="num">0</td><td class="num">231,007</td><td></td><td></td></tr>
<tr><th>Total</th><th class="num">10</th><th class="num attn">3</th><th class="num attn">1</th><th class="num">468,102</th><th colspan="2"></th></tr>
</table>
<table id='summary'><thead><tr><th>Class</th><th>Method</th><th>Start</th><th>Time (ms)</th></tr></thead><tbody><tr><th colspan="4">Edureka Application Test Automation Test suite</th></tr></tbody><tbody id="t0"><tr><th colspan="4">Edureka Application Functional Test set 001 &#8212; passed</th></tr><tr class="passedeven"><td rowspan="3">co.edureka.qa.testcases.LoginPageTest</td><td><a href="#m0">loginIconTest</a></td><td rowspan="1">1549674343483</td><td rowspan="1">291</td></tr><tr class="passedeven"><td><a href="#m1">loginPageTitleTest</a></td><td rowspan="1">1549674333097</td><td rowspan="1">90</td></tr><tr class="passedeven"><td><a href="#m2">loginTest</a></td><td rowspan="1">1549674356557</td><td rowspan="1">2918</td></tr></tbody>
<tbody id="t1"><tr><th colspan="4">Edureka Application Functional Test set 002 &#8212; failed</th></tr><tr class="failedeven"><td rowspan="1">co.edureka.qa.testcases.BlogPageTest</td><td><a href="#m3">verifyBlogPageTitleTest</a></td><td rowspan="1">1549674518503</td><td rowspan="1">12171</td></tr><tr><th colspan="4">Edureka Application Functional Test set 002 &#8212; skipped</th></tr><tr class="skippedeven"><td rowspan="2">co.edureka.qa.testcases.BlogPageTest</td><td><a href="#m4">verifyBlogPageTitleTest</a></td><td rowspan="2">1549674375564</td><td rowspan="2">100166</td></tr><tr class="skippedeven"><td><a href="#m5">verifyBlogPageTitleTest</a></td></tr><tr><th colspan="4">Edureka Application Functional Test set 002 &#8212; passed</th></tr><tr class="passedeven"><td rowspan="1">co.edureka.qa.testcases.BlogPageTest</td><td><a href="#m6">searchblog</a></td><td rowspan="1">1549674545244</td><td rowspan="1">12109</td></tr></tbody>
<tbody id="t2"><tr><th colspan="4">Edureka Application Functional Test set 003 &#8212; skipped</th></tr><tr class="skippedeven"><td rowspan="1">co.edureka.qa.testcases.HomePageTest</td><td><a href="#m7">viewAllCoursesAvailable</a></td><td rowspan="1">1549674603257</td><td rowspan="1">64612</td></tr><tr><th colspan="4">Edureka Application Functional Test set 003 &#8212; passed</th></tr><tr class="passedeven"><td rowspan="6">co.edureka.qa.testcases.HomePageTest</td><td><a href="#m8">logout</a></td><td rowspan="1">1549674782497</td><td rowspan="1">5728</td></tr><tr class="passedeven"><td><a href="#m9">myProfileUpdate</a></td><td rowspan="1">1549674749555</td><td rowspan="1">19593</td></tr><tr class="passedeven"><td><a href="#m10">verifyHomePageTitleTest</a></td><td rowspan="1">1549674569509</td><td rowspan="1">22</td></tr><tr class="passedeven"><td><a href="#m11">verifyMyEnrolledCourses</a></td><td rowspan="1">1549674723076</td><td rowspan="1">12461</td></tr><tr class="passedeven"><td><a href="#m12">verifyUserNameTest</a></td><td rowspan="1">1549674585570</td><td rowspan="1">3915</td></tr><tr class="passedeven"><td><a href="#m13">viewAllCoursesAvailable</a></td><td rowspan="1">1549674681815</td><td rowspan="1">27286</td></tr></tbody>
</table>
<h2>Edureka Application Functional Test set 001</h2><h3 id="m0">co.edureka.qa.testcases.LoginPageTest#loginIconTest</h3><table class="result"><tr><th class="invisible"/></tr></table><p class="totop"><a href="#summary">back to summary</a></p>
<h3 id="m1">co.edureka.qa.testcases.LoginPageTest#loginPageTitleTest</h3><table class="result"><tr><th class="invisible"/></tr></table><p class="totop"><a href="#summary">back to summary</a></p>
<h3 id="m2">co.edureka.qa.testcases.LoginPageTest#loginTest</h3><table class="result"><tr><th class="invisible"/></tr></table><p class="totop"><a href="#summary">back to summary</a></p>
<h2>Edureka Application Functional Test set 002</h2><h3 id="m3">co.edureka.qa.testcases.BlogPageTest#verifyBlogPageTitleTest</h3><table class="result"><tr><th>Exception</th></tr><tr><td><div class="stacktrace">java.lang.AssertionError: Blog page title matched expected [Edureka - Edurekaam - Discover Learning] but found [Edureka - Edureka - Discover Learning]
	at co.edureka.qa.testcases.BlogPageTest.verifyBlogPageTitleTest(BlogPageTest.java:62)
... Removed 30 stack frames</div></td></tr></table><p class="totop"><a href="#summary">back to summary</a></p>
<h3 id="m4">co.edureka.qa.testcases.BlogPageTest#verifyBlogPageTitleTest</h3><table class="result"><tr><th>Exception</th></tr><tr><td><div class="stacktrace">org.openqa.selenium.NoSuchElementException: no such element: Unable to locate element: {&quot;method&quot;:&quot;id&quot;,&quot;selector&quot;:&quot;dropdownMenu4&quot;}
  (Session info: chrome=71.0.3578.98)
  (Driver info: chromedriver=2.45.615291 (ec3682e3c9061c10f26ea9e5cdcf3c53f3f74387),platform=Windows NT 10.0.17134 x86_64) (WARNING: The server did not provide any stacktrace information)
Command duration or timeout: 0 milliseconds
For documentation on this error, please visit: http://seleniumhq.org/exceptions/no_such_element.html
Build info: version: &apos;3.5.3&apos;, revision: &apos;a88d25fe6b&apos;, time: &apos;2017-08-29T12:42:44.417Z&apos;
System info: host: &apos;LAPTOP-DVLM8C7C&apos;, ip: &apos;192.168.0.4&apos;, os.name: &apos;Windows 10&apos;, os.arch: &apos;amd64&apos;, os.version: &apos;10.0&apos;, java.version: &apos;1.8.0_191&apos;
Driver info: org.openqa.selenium.chrome.ChromeDriver
Capabilities [{mobileEmulationEnabled=false, timeouts={implicit=0, pageLoad=300000, script=30000}, hasTouchScreen=false, platform=XP, acceptSslCerts=false, goog:chromeOptions={debuggerAddress=localhost:53245}, acceptInsecureCerts=false, webStorageEnabled=true, browserName=chrome, takesScreenshot=true, javascriptEnabled=true, platformName=XP, setWindowRect=true, unexpectedAlertBehaviour=ignore, applicationCacheEnabled=false, rotatable=false, networkConnectionEnabled=false, chrome={chromedriverVersion=2.45.615291 (ec3682e3c9061c10f26ea9e5cdcf3c53f3f74387), userDataDir=C:\Users\kumar\AppData\Local\Temp\scoped_dir30540_22634}, takesHeapSnapshot=true, unhandledPromptBehavior=ignore, pageLoadStrategy=normal, strictFileInteractability=false, databaseEnabled=false, handlesAlerts=true, version=71.0.3578.98, browserConnectionEnabled=false, proxy=Proxy(), nativeEvents=true, locationContextEnabled=true, cssSelectorsEnabled=true}]
Session ID: e9439ea16c8b01265ef09529fb586cb6
*** Element info: {Using=id, value=dropdownMenu4}
	at org.openqa.selenium.remote.ErrorHandler.createThrowable(ErrorHandler.java:215)
	at org.openqa.selenium.remote.ErrorHandler.throwIfResponseFailed(ErrorHandler.java:167)
	at org.openqa.selenium.remote.http.JsonHttpResponseCodec.reconstructValue(JsonHttpResponseCodec.java:40)
	at org.openqa.selenium.remote.http.AbstractHttpResponseCodec.decode(AbstractHttpResponseCodec.java:82)
	at org.openqa.selenium.remote.http.AbstractHttpResponseCodec.decode(AbstractHttpResponseCodec.java:45)
	at org.openqa.selenium.remote.HttpCommandExecutor.execute(HttpCommandExecutor.java:164)
	at org.openqa.selenium.remote.service.DriverCommandExecutor.execute(DriverCommandExecutor.java:82)
	at org.openqa.selenium.remote.RemoteWebDriver.execute(RemoteWebDriver.java:646)
	at org.openqa.selenium.remote.RemoteWebDriver.findElement(RemoteWebDriver.java:416)
	at org.openqa.selenium.remote.RemoteWebDriver.findElementById(RemoteWebDriver.java:462)
	at org.openqa.selenium.By$ById.findElement(By.java:218)
	at org.openqa.selenium.remote.RemoteWebDriver.findElement(RemoteWebDriver.java:408)
	at org.openqa.selenium.support.pagefactory.DefaultElementLocator.findElement(DefaultElementLocator.java:69)
	at org.openqa.selenium.support.pagefactory.internal.LocatingElementHandler.invoke(LocatingElementHandler.java:38)
	at com.sun.proxy.$Proxy9.click(Unknown Source)
	at co.edureka.qa.pages.HomePage.clickOnCommunityLink(HomePage.java:98)
	at co.edureka.qa.testcases.BlogPageTest.verifyBlogPageTitleTest(BlogPageTest.java:54)
... Removed 29 stack frames</div></td></tr></table><p class="totop"><a href="#summary">back to summary</a></p>
<h3 id="m5">co.edureka.qa.testcases.BlogPageTest#verifyBlogPageTitleTest</h3><table class="result"><tr><th>Exception</th></tr><tr><td><div class="stacktrace">java.lang.AssertionError: Blog page title matched expected [Edureka - Edurekaam - Discover Learning] but found [Edureka - Edureka - Discover Learning]
	at co.edureka.qa.testcases.BlogPageTest.verifyBlogPageTitleTest(BlogPageTest.java:62)
... Removed 30 stack frames</div></td></tr></table><p class="totop"><a href="#summary">back to summary</a></p>
<h3 id="m6">co.edureka.qa.testcases.BlogPageTest#searchblog</h3><table class="result"><tr><th class="invisible"/></tr></table><p class="totop"><a href="#summary">back to summary</a></p>
<h2>Edureka Application Functional Test set 003</h2><h3 id="m7">co.edureka.qa.testcases.HomePageTest#viewAllCoursesAvailable</h3><table class="result"><tr><th>Exception</th></tr><tr><td><div class="stacktrace">org.openqa.selenium.NoSuchElementException: no such element: Unable to locate element: {&quot;method&quot;:&quot;name&quot;,&quot;selector&quot;:&quot;user_v1[query]&quot;}
  (Session info: chrome=71.0.3578.98)
  (Driver info: chromedriver=2.45.615291 (ec3682e3c9061c10f26ea9e5cdcf3c53f3f74387),platform=Windows NT 10.0.17134 x86_64) (WARNING: The server did not provide any stacktrace information)
Command duration or timeout: 0 milliseconds
For documentation on this error, please visit: http://seleniumhq.org/exceptions/no_such_element.html
Build info: version: &apos;3.5.3&apos;, revision: &apos;a88d25fe6b&apos;, time: &apos;2017-08-29T12:42:44.417Z&apos;
System info: host: &apos;LAPTOP-DVLM8C7C&apos;, ip: &apos;192.168.0.4&apos;, os.name: &apos;Windows 10&apos;, os.arch: &apos;amd64&apos;, os.version: &apos;10.0&apos;, java.version: &apos;1.8.0_191&apos;
Driver info: org.openqa.selenium.chrome.ChromeDriver
Capabilities [{mobileEmulationEnabled=false, timeouts={implicit=0, pageLoad=300000, script=30000}, hasTouchScreen=false, platform=XP, acceptSslCerts=false, goog:chromeOptions={debuggerAddress=localhost:53701}, acceptInsecureCerts=false, webStorageEnabled=true, browserName=chrome, takesScreenshot=true, javascriptEnabled=true, platformName=XP, setWindowRect=true, unexpectedAlertBehaviour=ignore, applicationCacheEnabled=false, rotatable=false, networkConnectionEnabled=false, chrome={chromedriverVersion=2.45.615291 (ec3682e3c9061c10f26ea9e5cdcf3c53f3f74387), userDataDir=C:\Users\kumar\AppData\Local\Temp\scoped_dir32728_9053}, takesHeapSnapshot=true, unhandledPromptBehavior=ignore, pageLoadStrategy=normal, strictFileInteractability=false, databaseEnabled=false, handlesAlerts=true, version=71.0.3578.98, browserConnectionEnabled=false, proxy=Proxy(), nativeEvents=true, locationContextEnabled=true, cssSelectorsEnabled=true}]
Session ID: 81256d63a5f09b516b2c8044bc7759b8
*** Element info: {Using=name, value=user_v1[query]}
	at org.openqa.selenium.remote.ErrorHandler.createThrowable(ErrorHandler.java:215)
	at org.openqa.selenium.remote.ErrorHandler.throwIfResponseFailed(ErrorHandler.java:167)
	at org.openqa.selenium.remote.http.JsonHttpResponseCodec.reconstructValue(JsonHttpResponseCodec.java:40)
	at org.openqa.selenium.remote.http.AbstractHttpResponseCodec.decode(AbstractHttpResponseCodec.java:82)
	at org.openqa.selenium.remote.http.AbstractHttpResponseCodec.decode(AbstractHttpResponseCodec.java:45)
	at org.openqa.selenium.remote.HttpCommandExecutor.execute(HttpCommandExecutor.java:164)
	at org.openqa.selenium.remote.service.DriverCommandExecutor.execute(DriverCommandExecutor.java:82)
	at org.openqa.selenium.remote.RemoteWebDriver.execute(RemoteWebDriver.java:646)
	at org.openqa.selenium.remote.RemoteWebDriver.findElement(RemoteWebDriver.java:416)
	at org.openqa.selenium.remote.RemoteWebDriver.findElementByName(RemoteWebDriver.java:494)
	at org.openqa.selenium.By$ByName.findElement(By.java:303)
	at org.openqa.selenium.remote.RemoteWebDriver.findElement(RemoteWebDriver.java:408)
	at org.openqa.selenium.support.pagefactory.DefaultElementLocator.findElement(DefaultElementLocator.java:69)
	at org.openqa.selenium.support.pagefactory.internal.LocatingElementHandler.invoke(LocatingElementHandler.java:38)
	at com.sun.proxy.$Proxy9.sendKeys(Unknown Source)
	at co.edureka.qa.pages.HomePage.searchCourse(HomePage.java:82)
	at co.edureka.qa.testcases.HomePageTest.viewAllCoursesAvailable(HomePageTest.java:69)
... Removed 29 stack frames</div></td></tr></table><p class="totop"><a href="#summary">back to summary</a></p>
<h3 id="m8">co.edureka.qa.testcases.HomePageTest#logout</h3><table class="result"><tr><th class="invisible"/></tr></table><p class="totop"><a href="#summary">back to summary</a></p>
<h3 id="m9">co.edureka.qa.testcases.HomePageTest#myProfileUpdate</h3><table class="result"><tr><th class="invisible"/></tr></table><p class="totop"><a href="#summary">back to summary</a></p>
<h3 id="m10">co.edureka.qa.testcases.HomePageTest#verifyHomePageTitleTest</h3><table class="result"><tr><th class="invisible"/></tr></table><p class="totop"><a href="#summary">back to summary</a></p>
<h3 id="m11">co.edureka.qa.testcases.HomePageTest#verifyMyEnrolledCourses</h3><table class="result"><tr><th class="invisible"/></tr></table><p class="totop"><a href="#summary">back to summary</a></p>
<h3 id="m12">co.edureka.qa.testcases.HomePageTest#verifyUserNameTest</h3><table class="result"><tr><th class="invisible"/></tr></table><p class="totop"><a href="#summary">back to summary</a></p>
<h3 id="m13">co.edureka.qa.testcases.HomePageTest#viewAllCoursesAvailable</h3><table class="result"><tr><th class="invisible"/></tr></table><p class="totop"><a href="#summary">back to summary</a></p>
</body>
</html>
