<?xml version="1.0" encoding="UTF-8"?>
<testng-results skipped="3" failed="1" ignored="0" total="14" passed="10">
  <reporter-output>
  </reporter-output>
  <suite name="Edureka Application Test Automation Test suite" duration-ms="468149" started-at="2019-02-09T01:05:21Z" finished-at="2019-02-09T01:13:09Z">
    <groups>
    </groups>
    <test name="Edureka Application Functional Test set 001" duration-ms="39050" started-at="2019-02-09T01:05:21Z" finished-at="2019-02-09T01:06:00Z">
      <class name="co.edureka.qa.testcases.LoginPageTest">
        <test-method status="PASS" signature="setUp()[pri:0, instance:co.edureka.qa.testcases.LoginPageTest@ed9d034]" name="setUp" is-config="true" duration-ms="11900" started-at="2019-02-09T01:05:21Z" finished-at="2019-02-09T01:05:33Z">
          <reporter-output>
          </reporter-output>
        </test-method> <!-- setUp -->
        <test-method status="PASS" signature="loginPageTitleTest()[pri:1, instance:co.edureka.qa.testcases.LoginPageTest@ed9d034]" name="loginPageTitleTest" duration-ms="90" started-at="2019-02-09T01:05:33Z" finished-at="2019-02-09T01:05:33Z">
          <reporter-output>
          </reporter-output>
        </test-method> <!-- loginPageTitleTest -->
        <test-method status="PASS" signature="tearDown()[pri:0, instance:co.edureka.qa.testcases.LoginPageTest@ed9d034]" name="tearDown" is-config="true" duration-ms="747" started-at="2019-02-09T01:05:33Z" finished-at="2019-02-09T01:05:33Z">
          <reporter-output>
          </reporter-output>
        </test-method> <!-- tearDown -->
        <test-method status="PASS" signature="setUp()[pri:0, instance:co.edureka.qa.testcases.LoginPageTest@ed9d034]" name="setUp" is-config="true" duration-ms="9546" started-at="2019-02-09T01:05:33Z" finished-at="2019-02-09T01:05:43Z">
          <reporter-output>
          </reporter-output>
        </test-method> <!-- setUp -->
        <test-method status="PASS" signature="loginIconTest()[pri:2, instance:co.edureka.qa.testcases.LoginPageTest@ed9d034]" name="loginIconTest" duration-ms="291" started-at="2019-02-09T01:05:43Z" finished-at="2019-02-09T01:05:43Z">
          <reporter-output>
          </reporter-output>
        </test-method> <!-- loginIconTest -->
        <test-method status="PASS" signature="tearDown()[pri:0, instance:co.edureka.qa.testcases.LoginPageTest@ed9d034]" name="tearDown" is-config="true" duration-ms="1291" started-at="2019-02-09T01:05:43Z" finished-at="2019-02-09T01:05:45Z">
          <reporter-output>
          </reporter-output>
        </test-method> <!-- tearDown -->
        <test-method status="PASS" signature="setUp()[pri:0, instance:co.edureka.qa.testcases.LoginPageTest@ed9d034]" name="setUp" is-config="true" duration-ms="11490" started-at="2019-02-09T01:05:45Z" finished-at="2019-02-09T01:05:56Z">
          <reporter-output>
          </reporter-output>
        </test-method> <!-- setUp -->
        <test-method status="PASS" signature="loginTest()[pri:3, instance:co.edureka.qa.testcases.LoginPageTest@ed9d034]" name="loginTest" duration-ms="2918" started-at="2019-02-09T01:05:56Z" finished-at="2019-02-09T01:05:59Z">
          <reporter-output>
          </reporter-output>
        </test-method> <!-- loginTest -->
        <test-method status="PASS" signature="tearDown()[pri:0, instance:co.edureka.qa.testcases.LoginPageTest@ed9d034]" name="tearDown" is-config="true" duration-ms="753" started-at="2019-02-09T01:05:59Z" finished-at="2019-02-09T01:06:00Z">
          <reporter-output>
          </reporter-output>
        </test-method> <!-- tearDown -->
      </class> <!-- co.edureka.qa.testcases.LoginPageTest -->
    </test> <!-- Edureka Application Functional Test set 001 -->
    <test name="Edureka Application Functional Test set 002" duration-ms="198045" started-at="2019-02-09T01:06:00Z" finished-at="2019-02-09T01:09:18Z">
      <class name="co.edureka.qa.testcases.BlogPageTest">
        <test-method status="PASS" signature="setUp()[pri:0, instance:co.edureka.qa.testcases.BlogPageTest@4e718207]" name="setUp" is-config="true" duration-ms="15303" started-at="2019-02-09T01:06:00Z" finished-at="2019-02-09T01:06:15Z">
          <reporter-output>
          </reporter-output>
        </test-method> <!-- setUp -->
        <test-method status="SKIP" signature="verifyBlogPageTitleTest()[pri:1, instance:co.edureka.qa.testcases.BlogPageTest@4e718207]" name="verifyBlogPageTitleTest" duration-ms="100166" started-at="2019-02-09T01:06:15Z" finished-at="2019-02-09T01:07:55Z">
          <exception class="org.openqa.selenium.NoSuchElementException">
            <message>
              <![CDATA[no such element: Unable to locate element: {"method":"id","selector":"dropdownMenu4"}
  (Session info: chrome=71.0.3578.98)
  (Driver info: chromedriver=2.45.615291 (ec3682e3c9061c10f26ea9e5cdcf3c53f3f74387),platform=Windows NT 10.0.17134 x86_64) (WARNING: The server did not provide any stacktrace information)
Command duration or timeout: 0 milliseconds
For documentation on this error, please visit: http://seleniumhq.org/exceptions/no_such_element.html
Build info: version: '3.5.3', revision: 'a88d25fe6b', time: '2017-08-29T12:42:44.417Z'
System info: host: 'LAPTOP-DVLM8C7C', ip: '192.168.0.4', os.name: 'Windows 10', os.arch: 'amd64', os.version: '10.0', java.version: '1.8.0_191'
Driver info: org.openqa.selenium.chrome.ChromeDriver
Capabilities [{mobileEmulationEnabled=false, timeouts={implicit=0, pageLoad=300000, script=30000}, hasTouchScreen=false, platform=XP, acceptSslCerts=false, goog:chromeOptions={debuggerAddress=localhost:53245}, acceptInsecureCerts=false, webStorageEnabled=true, browserName=chrome, takesScreenshot=true, javascriptEnabled=true, platformName=XP, setWindowRect=true, unexpectedAlertBehaviour=ignore, applicationCacheEnabled=false, rotatable=false, networkConnectionEnabled=false, chrome={chromedriverVersion=2.45.615291 (ec3682e3c9061c10f26ea9e5cdcf3c53f3f74387), userDataDir=C:\Users\kumar\AppData\Local\Temp\scoped_dir30540_22634}, takesHeapSnapshot=true, unhandledPromptBehavior=ignore, pageLoadStrategy=normal, strictFileInteractability=false, databaseEnabled=false, handlesAlerts=true, version=71.0.3578.98, browserConnectionEnabled=false, proxy=Proxy(), nativeEvents=true, locationContextEnabled=true, cssSelectorsEnabled=true}]
Session ID: e9439ea16c8b01265ef09529fb586cb6
*** Element info: {Using=id, value=dropdownMenu4}]]>
            </message>
            <full-stacktrace>
              <![CDATA[org.openqa.selenium.NoSuchElementException: no such element: Unable to locate element: {"method":"id","selector":"dropdownMenu4"}
  (Session info: chrome=71.0.3578.98)
  (Driver info: chromedriver=2.45.615291 (ec3682e3c9061c10f26ea9e5cdcf3c53f3f74387),platform=Windows NT 10.0.17134 x86_64) (WARNING: The server did not provide any stacktrace information)
Command duration or timeout: 0 milliseconds
For documentation on this error, please visit: http://seleniumhq.org/exceptions/no_such_element.html
Build info: version: '3.5.3', revision: 'a88d25fe6b', time: '2017-08-29T12:42:44.417Z'
System info: host: 'LAPTOP-DVLM8C7C', ip: '192.168.0.4', os.name: 'Windows 10', os.arch: 'amd64', os.version: '10.0', java.version: '1.8.0_191'
Driver info: org.openqa.selenium.chrome.ChromeDriver
Capabilities [{mobileEmulationEnabled=false, timeouts={implicit=0, pageLoad=300000, script=30000}, hasTouchScreen=false, platform=XP, acceptSslCerts=false, goog:chromeOptions={debuggerAddress=localhost:53245}, acceptInsecureCerts=false, webStorageEnabled=true, browserName=chrome, takesScreenshot=true, javascriptEnabled=true, platformName=XP, setWindowRect=true, unexpectedAlertBehaviour=ignore, applicationCacheEnabled=false, rotatable=false, networkConnectionEnabled=false, chrome={chromedriverVersion=2.45.615291 (ec3682e3c9061c10f26ea9e5cdcf3c53f3f74387), userDataDir=C:\Users\kumar\AppData\Local\Temp\scoped_dir30540_22634}, takesHeapSnapshot=true, unhandledPromptBehavior=ignore, pageLoadStrategy=normal, strictFileInteractability=false, databaseEnabled=false, handlesAlerts=true, version=71.0.3578.98, browserConnectionEnabled=false, proxy=Proxy(), nativeEvents=true, locationContextEnabled=true, cssSelectorsEnabled=true}]
Session ID: e9439ea16c8b01265ef09529fb586cb6
*** Element info: {Using=id, value=dropdownMenu4}
at sun.reflect.NativeConstructorAccessorImpl.newInstance0(Native Method)
at sun.reflect.NativeConstructorAccessorImpl.newInstance(NativeConstructorAccessorImpl.java:62)
at sun.reflect.DelegatingConstructorAccessorImpl.newInstance(DelegatingConstructorAccessorImpl.java:45)
at java.lang.reflect.Constructor.newInstance(Constructor.java:423)
at org.openqa.selenium.remote.ErrorHandler.createThrowable(ErrorHandler.java:215)
at org.openqa.selenium.remote.ErrorHandler.throwIfResponseFailed(ErrorHandler.java:167)
at org.openqa.selenium.remote.http.JsonHttpResponseCodec.reconstructValue(JsonHttpResponseCodec.java:40)
at org.openqa.selenium.remote.http.AbstractHttpResponseCodec.decode(AbstractHttpResponseCodec.java:82)
at org.openqa.selenium.remote.http.AbstractHttpResponseCodec.decode(AbstractHttpResponseCodec.java:45)
at org.openqa.selenium.remote.HttpCommandExecutor.execute(HttpCommandExecutor.java:164)
at org.openqa.selenium.remote.service.DriverCommandExecutor.execute(DriverCommandExecutor.java:82)
at org.openqa.selenium.remote.RemoteWebDriver.execute(RemoteWebDriver.java:646)
at org.openqa.selenium.remote.RemoteWebDriver.findElement(RemoteWebDriver.java:416)
at org.openqa.selenium.remote.RemoteWebDriver.findElementById(RemoteWebDriver.java:462)
at org.openqa.selenium.By$ById.findElement(By.java:218)
at org.openqa.selenium.remote.RemoteWebDriver.findElement(RemoteWebDriver.java:408)
at org.openqa.selenium.support.pagefactory.DefaultElementLocator.findElement(DefaultElementLocator.java:69)
at org.openqa.selenium.support.pagefactory.internal.LocatingElementHandler.invoke(LocatingElementHandler.java:38)
at com.sun.proxy.$Proxy9.click(Unknown Source)
at co.edureka.qa.pages.HomePage.clickOnCommunityLink(HomePage.java:98)
at co.edureka.qa.testcases.BlogPageTest.verifyBlogPageTitleTest(BlogPageTest.java:54)
at sun.reflect.NativeMethodAccessorImpl.invoke0(Native Method)
at sun.reflect.NativeMethodAccessorImpl.invoke(NativeMethodAccessorImpl.java:62)
at sun.reflect.DelegatingMethodAccessorImpl.invoke(DelegatingMethodAccessorImpl.java:43)
at java.lang.reflect.Method.invoke(Method.java:498)
at org.testng.internal.MethodInvocationHelper.invokeMethod(MethodInvocationHelper.java:124)
at org.testng.internal.Invoker.invokeMethod(Invoker.java:583)
at org.testng.internal.Invoker.invokeTestMethod(Invoker.java:719)
at org.testng.internal.Invoker.invokeTestMethods(Invoker.java:989)
at org.testng.internal.TestMethodWorker.invokeTestMethods(TestMethodWorker.java:125)
at org.testng.internal.TestMethodWorker.run(TestMethodWorker.java:109)
at org.testng.TestRunner.privateRun(TestRunner.java:648)
at org.testng.TestRunner.run(TestRunner.java:505)
at org.testng.SuiteRunner.runTest(SuiteRunner.java:455)
at org.testng.SuiteRunner.runSequentially(SuiteRunner.java:450)
at org.testng.SuiteRunner.privateRun(SuiteRunner.java:415)
at org.testng.SuiteRunner.run(SuiteRunner.java:364)
at org.testng.SuiteRunnerWorker.runSuite(SuiteRunnerWorker.java:52)
at org.testng.SuiteRunnerWorker.run(SuiteRunnerWorker.java:84)
at org.testng.TestNG.runSuitesSequentially(TestNG.java:1208)
at org.testng.TestNG.runSuitesLocally(TestNG.java:1137)
at org.testng.TestNG.runSuites(TestNG.java:1049)
at org.testng.TestNG.run(TestNG.java:1017)
at org.testng.remote.AbstractRemoteTestNG.run(AbstractRemoteTestNG.java:114)
at org.testng.remote.RemoteTestNG.initAndRun(RemoteTestNG.java:251)
at org.testng.remote.RemoteTestNG.main(RemoteTestNG.java:77)
]]>
            </full-stacktrace>
          </exception> <!-- org.openqa.selenium.NoSuchElementException -->
          <reporter-output>
          </reporter-output>
        </test-method> <!-- verifyBlogPageTitleTest -->
        <test-method status="PASS" signature="tearDown()[pri:0, instance:co.edureka.qa.testcases.BlogPageTest@4e718207]" name="tearDown" is-config="true" duration-ms="2974" started-at="2019-02-09T01:07:55Z" finished-at="2019-02-09T01:07:58Z">
          <reporter-output>
          </reporter-output>
        </test-method> <!-- tearDown -->
        <test-method status="PASS" signature="setUp()[pri:0, instance:co.edureka.qa.testcases.BlogPageTest@4e718207]" name="setUp" is-config="true" duration-ms="12865" started-at="2019-02-09T01:07:58Z" finished-at="2019-02-09T01:08:11Z">
          <reporter-output>
          </reporter-output>
        </test-method> <!-- setUp -->
        <test-method status="SKIP" signature="verifyBlogPageTitleTest()[pri:1, instance:co.edureka.qa.testcases.BlogPageTest@4e718207]" name="verifyBlogPageTitleTest" duration-ms="11620" started-at="2019-02-09T01:08:11Z" finished-at="2019-02-09T01:08:23Z">
          <exception class="java.lang.AssertionError">
            <message>
              <![CDATA[Blog page title matched expected [Edureka - Edurekaam - Discover Learning] but found [Edureka - Edureka - Discover Learning]]]>
            </message>
            <full-stacktrace>
              <![CDATA[java.lang.AssertionError: Blog page title matched expected [Edureka - Edurekaam - Discover Learning] but found [Edureka - Edureka - Discover Learning]
at org.testng.Assert.fail(Assert.java:96)
at org.testng.Assert.failNotEquals(Assert.java:776)
at org.testng.Assert.assertEqualsImpl(Assert.java:137)
at org.testng.Assert.assertEquals(Assert.java:118)
at org.testng.Assert.assertEquals(Assert.java:453)
at co.edureka.qa.testcases.BlogPageTest.verifyBlogPageTitleTest(BlogPageTest.java:62)
at sun.reflect.NativeMethodAccessorImpl.invoke0(Native Method)
at sun.reflect.NativeMethodAccessorImpl.invoke(NativeMethodAccessorImpl.java:62)
at sun.reflect.DelegatingMethodAccessorImpl.invoke(DelegatingMethodAccessorImpl.java:43)
at java.lang.reflect.Method.invoke(Method.java:498)
at org.testng.internal.MethodInvocationHelper.invokeMethod(MethodInvocationHelper.java:124)
at org.testng.internal.Invoker.invokeMethod(Invoker.java:583)
at org.testng.internal.Invoker.retryFailed(Invoker.java:839)
at org.testng.internal.Invoker.invokeTestMethods(Invoker.java:1010)
at org.testng.internal.TestMethodWorker.invokeTestMethods(TestMethodWorker.java:125)
at org.testng.internal.TestMethodWorker.run(TestMethodWorker.java:109)
at org.testng.TestRunner.privateRun(TestRunner.java:648)
at org.testng.TestRunner.run(TestRunner.java:505)
at org.testng.SuiteRunner.runTest(SuiteRunner.java:455)
at org.testng.SuiteRunner.runSequentially(SuiteRunner.java:450)
at org.testng.SuiteRunner.privateRun(SuiteRunner.java:415)
at org.testng.SuiteRunner.run(SuiteRunner.java:364)
at org.testng.SuiteRunnerWorker.runSuite(SuiteRunnerWorker.java:52)
at org.testng.SuiteRunnerWorker.run(SuiteRunnerWorker.java:84)
at org.testng.TestNG.runSuitesSequentially(TestNG.java:1208)
at org.testng.TestNG.runSuitesLocally(TestNG.java:1137)
at org.testng.TestNG.runSuites(TestNG.java:1049)
at org.testng.TestNG.run(TestNG.java:1017)
at org.testng.remote.AbstractRemoteTestNG.run(AbstractRemoteTestNG.java:114)
at org.testng.remote.RemoteTestNG.initAndRun(RemoteTestNG.java:251)
at org.testng.remote.RemoteTestNG.main(RemoteTestNG.java:77)
]]>
            </full-stacktrace>
          </exception> <!-- java.lang.AssertionError -->
          <reporter-output>
          </reporter-output>
        </test-method> <!-- verifyBlogPageTitleTest -->
        <test-method status="PASS" signature="tearDown()[pri:0, instance:co.edureka.qa.testcases.BlogPageTest@4e718207]" name="tearDown" is-config="true" duration-ms="785" started-at="2019-02-09T01:08:23Z" finished-at="2019-02-09T01:08:23Z">
          <reporter-output>
          </reporter-output>
        </test-method> <!-- tearDown -->
        <test-method status="PASS" signature="setUp()[pri:0, instance:co.edureka.qa.testcases.BlogPageTest@4e718207]" name="setUp" is-config="true" duration-ms="14512" started-at="2019-02-09T01:08:23Z" finished-at="2019-02-09T01:08:38Z">
          <reporter-output>
          </reporter-output>
        </test-method> <!-- setUp -->
        <test-method status="FAIL" signature="verifyBlogPageTitleTest()[pri:1, instance:co.edureka.qa.testcases.BlogPageTest@4e718207]" name="verifyBlogPageTitleTest" duration-ms="12171" started-at="2019-02-09T01:08:38Z" finished-at="2019-02-09T01:08:50Z">
          <exception class="java.lang.AssertionError">
            <message>
              <![CDATA[Blog page title matched expected [Edureka - Edurekaam - Discover Learning] but found [Edureka - Edureka - Discover Learning]]]>
            </message>
            <full-stacktrace>
              <![CDATA[java.lang.AssertionError: Blog page title matched expected [Edureka - Edurekaam - Discover Learning] but found [Edureka - Edureka - Discover Learning]
at org.testng.Assert.fail(Assert.java:96)
at org.testng.Assert.failNotEquals(Assert.java:776)
at org.testng.Assert.assertEqualsImpl(Assert.java:137)
at org.testng.Assert.assertEquals(Assert.java:118)
at org.testng.Assert.assertEquals(Assert.java:453)
at co.edureka.qa.testcases.BlogPageTest.verifyBlogPageTitleTest(BlogPageTest.java:62)
at sun.reflect.NativeMethodAccessorImpl.invoke0(Native Method)
at sun.reflect.NativeMethodAccessorImpl.invoke(NativeMethodAccessorImpl.java:62)
at sun.reflect.DelegatingMethodAccessorImpl.invoke(DelegatingMethodAccessorImpl.java:43)
at java.lang.reflect.Method.invoke(Method.java:498)
at org.testng.internal.MethodInvocationHelper.invokeMethod(MethodInvocationHelper.java:124)
at org.testng.internal.Invoker.invokeMethod(Invoker.java:583)
at org.testng.internal.Invoker.retryFailed(Invoker.java:839)
at org.testng.internal.Invoker.invokeTestMethods(Invoker.java:1010)
at org.testng.internal.TestMethodWorker.invokeTestMethods(TestMethodWorker.java:125)
at org.testng.internal.TestMethodWorker.run(TestMethodWorker.java:109)
at org.testng.TestRunner.privateRun(TestRunner.java:648)
at org.testng.TestRunner.run(TestRunner.java:505)
at org.testng.SuiteRunner.runTest(SuiteRunner.java:455)
at org.testng.SuiteRunner.runSequentially(SuiteRunner.java:450)
at org.testng.SuiteRunner.privateRun(SuiteRunner.java:415)
at org.testng.SuiteRunner.run(SuiteRunner.java:364)
at org.testng.SuiteRunnerWorker.runSuite(SuiteRunnerWorker.java:52)
at org.testng.SuiteRunnerWorker.run(SuiteRunnerWorker.java:84)
at org.testng.TestNG.runSuitesSequentially(TestNG.java:1208)
at org.testng.TestNG.runSuitesLocally(TestNG.java:1137)
at org.testng.TestNG.runSuites(TestNG.java:1049)
at org.testng.TestNG.run(TestNG.java:1017)
at org.testng.remote.AbstractRemoteTestNG.run(AbstractRemoteTestNG.java:114)
at org.testng.remote.RemoteTestNG.initAndRun(RemoteTestNG.java:251)
at org.testng.remote.RemoteTestNG.main(RemoteTestNG.java:77)
]]>
            </full-stacktrace>
          </exception> <!-- java.lang.AssertionError -->
          <reporter-output>
          </reporter-output>
        </test-method> <!-- verifyBlogPageTitleTest -->
        <test-method status="PASS" signature="tearDown()[pri:0, instance:co.edureka.qa.testcases.BlogPageTest@4e718207]" name="tearDown" is-config="true" duration-ms="1623" started-at="2019-02-09T01:08:50Z" finished-at="2019-02-09T01:08:52Z">
          <reporter-output>
          </reporter-output>
        </test-method> <!-- tearDown -->
        <test-method status="PASS" signature="setUp()[pri:0, instance:co.edureka.qa.testcases.BlogPageTest@4e718207]" name="setUp" is-config="true" duration-ms="12946" started-at="2019-02-09T01:08:52Z" finished-at="2019-02-09T01:09:05Z">
          <reporter-output>
          </reporter-output>
        </test-method> <!-- setUp -->
        <test-method status="PASS" signature="searchblog()[pri:2, instance:co.edureka.qa.testcases.BlogPageTest@4e718207]" name="searchblog" duration-ms="12109" started-at="2019-02-09T01:09:05Z" finished-at="2019-02-09T01:09:17Z">
          <reporter-output>
          </reporter-output>
        </test-method> <!-- searchblog -->
        <test-method status="PASS" signature="tearDown()[pri:0, instance:co.edureka.qa.testcases.BlogPageTest@4e718207]" name="tearDown" is-config="true" duration-ms="952" started-at="2019-02-09T01:09:17Z" finished-at="2019-02-09T01:09:18Z">
          <reporter-output>
          </reporter-output>
        </test-method> <!-- tearDown -->
      </class> <!-- co.edureka.qa.testcases.BlogPageTest -->
    </test> <!-- Edureka Application Functional Test set 002 -->
    <test name="Edureka Application Functional Test set 003" duration-ms="231007" started-at="2019-02-09T01:09:18Z" finished-at="2019-02-09T01:13:09Z">
      <class name="co.edureka.qa.testcases.HomePageTest">
        <test-method status="PASS" signature="setUp()[pri:0, instance:co.edureka.qa.testcases.HomePageTest@75881071]" name="setUp" is-config="true" duration-ms="11172" started-at="2019-02-09T01:09:18Z" finished-at="2019-02-09T01:09:29Z">
          <reporter-output>
          </reporter-output>
        </test-method> <!-- setUp -->
        <test-method status="PASS" signature="verifyHomePageTitleTest()[pri:0, instance:co.edureka.qa.testcases.HomePageTest@75881071]" name="verifyHomePageTitleTest" duration-ms="22" started-at="2019-02-09T01:09:29Z" finished-at="2019-02-09T01:09:29Z">
          <reporter-output>
          </reporter-output>
        </test-method> <!-- verifyHomePageTitleTest -->
        <test-method status="PASS" signature="tearDown()[pri:0, instance:co.edureka.qa.testcases.HomePageTest@75881071]" name="tearDown" is-config="true" duration-ms="738" started-at="2019-02-09T01:09:29Z" finished-at="2019-02-09T01:09:30Z">
          <reporter-output>
          </reporter-output>
        </test-method> <!-- tearDown -->
        <test-method status="PASS" signature="setUp()[pri:0, instance:co.edureka.qa.testcases.HomePageTest@75881071]" name="setUp" is-config="true" duration-ms="15300" started-at="2019-02-09T01:09:30Z" finished-at="2019-02-09T01:09:45Z">
          <reporter-output>
          </reporter-output>
        </test-method> <!-- setUp -->
        <test-method status="PASS" signature="verifyUserNameTest()[pri:1, instance:co.edureka.qa.testcases.HomePageTest@75881071]" name="verifyUserNameTest" duration-ms="3915" started-at="2019-02-09T01:09:45Z" finished-at="2019-02-09T01:09:49Z">
          <reporter-output>
          </reporter-output>
        </test-method> <!-- verifyUserNameTest -->
        <test-method status="PASS" signature="tearDown()[pri:0, instance:co.edureka.qa.testcases.HomePageTest@75881071]" name="tearDown" is-config="true" duration-ms="727" started-at="2019-02-09T01:09:49Z" finished-at="2019-02-09T01:09:50Z">
          <reporter-output>
          </reporter-output>
        </test-method> <!-- tearDown -->
        <test-method status="PASS" signature="setUp()[pri:0, instance:co.edureka.qa.testcases.HomePageTest@75881071]" name="setUp" is-config="true" duration-ms="13045" started-at="2019-02-09T01:09:50Z" finished-at="2019-02-09T01:10:03Z">
          <reporter-output>
          </reporter-output>
        </test-method> <!-- setUp -->
        <test-method status="SKIP" signature="viewAllCoursesAvailable()[pri:2, instance:co.edureka.qa.testcases.HomePageTest@75881071]" name="viewAllCoursesAvailable" duration-ms="64612" started-at="2019-02-09T01:10:03Z" finished-at="2019-02-09T01:11:07Z">
          <exception class="org.openqa.selenium.NoSuchElementException">
            <message>
              <![CDATA[no such element: Unable to locate element: {"method":"name","selector":"user_v1[query]"}
  (Session info: chrome=71.0.3578.98)
  (Driver info: chromedriver=2.45.615291 (ec3682e3c9061c10f26ea9e5cdcf3c53f3f74387),platform=Windows NT 10.0.17134 x86_64) (WARNING: The server did not provide any stacktrace information)
Command duration or timeout: 0 milliseconds
For documentation on this error, please visit: http://seleniumhq.org/exceptions/no_such_element.html
Build info: version: '3.5.3', revision: 'a88d25fe6b', time: '2017-08-29T12:42:44.417Z'
System info: host: 'LAPTOP-DVLM8C7C', ip: '192.168.0.4', os.name: 'Windows 10', os.arch: 'amd64', os.version: '10.0', java.version: '1.8.0_191'
Driver info: org.openqa.selenium.chrome.ChromeDriver
Capabilities [{mobileEmulationEnabled=false, timeouts={implicit=0, pageLoad=300000, script=30000}, hasTouchScreen=false, platform=XP, acceptSslCerts=false, goog:chromeOptions={debuggerAddress=localhost:53701}, acceptInsecureCerts=false, webStorageEnabled=true, browserName=chrome, takesScreenshot=true, javascriptEnabled=true, platformName=XP, setWindowRect=true, unexpectedAlertBehaviour=ignore, applicationCacheEnabled=false, rotatable=false, networkConnectionEnabled=false, chrome={chromedriverVersion=2.45.615291 (ec3682e3c9061c10f26ea9e5cdcf3c53f3f74387), userDataDir=C:\Users\kumar\AppData\Local\Temp\scoped_dir32728_9053}, takesHeapSnapshot=true, unhandledPromptBehavior=ignore, pageLoadStrategy=normal, strictFileInteractability=false, databaseEnabled=false, handlesAlerts=true, version=71.0.3578.98, browserConnectionEnabled=false, proxy=Proxy(), nativeEvents=true, locationContextEnabled=true, cssSelectorsEnabled=true}]
Session ID: 81256d63a5f09b516b2c8044bc7759b8
*** Element info: {Using=name, value=user_v1[query]}]]>
            </message>
            <full-stacktrace>
              <![CDATA[org.openqa.selenium.NoSuchElementException: no such element: Unable to locate element: {"method":"name","selector":"user_v1[query]"}
  (Session info: chrome=71.0.3578.98)
  (Driver info: chromedriver=2.45.615291 (ec3682e3c9061c10f26ea9e5cdcf3c53f3f74387),platform=Windows NT 10.0.17134 x86_64) (WARNING: The server did not provide any stacktrace information)
Command duration or timeout: 0 milliseconds
For documentation on this error, please visit: http://seleniumhq.org/exceptions/no_such_element.html
Build info: version: '3.5.3', revision: 'a88d25fe6b', time: '2017-08-29T12:42:44.417Z'
System info: host: 'LAPTOP-DVLM8C7C', ip: '192.168.0.4', os.name: 'Windows 10', os.arch: 'amd64', os.version: '10.0', java.version: '1.8.0_191'
Driver info: org.openqa.selenium.chrome.ChromeDriver
Capabilities [{mobileEmulationEnabled=false, timeouts={implicit=0, pageLoad=300000, script=30000}, hasTouchScreen=false, platform=XP, acceptSslCerts=false, goog:chromeOptions={debuggerAddress=localhost:53701}, acceptInsecureCerts=false, webStorageEnabled=true, browserName=chrome, takesScreenshot=true, javascriptEnabled=true, platformName=XP, setWindowRect=true, unexpectedAlertBehaviour=ignore, applicationCacheEnabled=false, rotatable=false, networkConnectionEnabled=false, chrome={chromedriverVersion=2.45.615291 (ec3682e3c9061c10f26ea9e5cdcf3c53f3f74387), userDataDir=C:\Users\kumar\AppData\Local\Temp\scoped_dir32728_9053}, takesHeapSnapshot=true, unhandledPromptBehavior=ignore, pageLoadStrategy=normal, strictFileInteractability=false, databaseEnabled=false, handlesAlerts=true, version=71.0.3578.98, browserConnectionEnabled=false, proxy=Proxy(), nativeEvents=true, locationContextEnabled=true, cssSelectorsEnabled=true}]
Session ID: 81256d63a5f09b516b2c8044bc7759b8
*** Element info: {Using=name, value=user_v1[query]}
at sun.reflect.NativeConstructorAccessorImpl.newInstance0(Native Method)
at sun.reflect.NativeConstructorAccessorImpl.newInstance(NativeConstructorAccessorImpl.java:62)
at sun.reflect.DelegatingConstructorAccessorImpl.newInstance(DelegatingConstructorAccessorImpl.java:45)
at java.lang.reflect.Constructor.newInstance(Constructor.java:423)
at org.openqa.selenium.remote.ErrorHandler.createThrowable(ErrorHandler.java:215)
at org.openqa.selenium.remote.ErrorHandler.throwIfResponseFailed(ErrorHandler.java:167)
at org.openqa.selenium.remote.http.JsonHttpResponseCodec.reconstructValue(JsonHttpResponseCodec.java:40)
at org.openqa.selenium.remote.http.AbstractHttpResponseCodec.decode(AbstractHttpResponseCodec.java:82)
at org.openqa.selenium.remote.http.AbstractHttpResponseCodec.decode(AbstractHttpResponseCodec.java:45)
at org.openqa.selenium.remote.HttpCommandExecutor.execute(HttpCommandExecutor.java:164)
at org.openqa.selenium.remote.service.DriverCommandExecutor.execute(DriverCommandExecutor.java:82)
at org.openqa.selenium.remote.RemoteWebDriver.execute(RemoteWebDriver.java:646)
at org.openqa.selenium.remote.RemoteWebDriver.findElement(RemoteWebDriver.java:416)
at org.openqa.selenium.remote.RemoteWebDriver.findElementByName(RemoteWebDriver.java:494)
at org.openqa.selenium.By$ByName.findElement(By.java:303)
at org.openqa.selenium.remote.RemoteWebDriver.findElement(RemoteWebDriver.java:408)
at org.openqa.selenium.support.pagefactory.DefaultElementLocator.findElement(DefaultElementLocator.java:69)
at org.openqa.selenium.support.pagefactory.internal.LocatingElementHandler.invoke(LocatingElementHandler.java:38)
at com.sun.proxy.$Proxy9.sendKeys(Unknown Source)
at co.edureka.qa.pages.HomePage.searchCourse(HomePage.java:82)
at co.edureka.qa.testcases.HomePageTest.viewAllCoursesAvailable(HomePageTest.java:69)
at sun.reflect.NativeMethodAccessorImpl.invoke0(Native Method)
at sun.reflect.NativeMethodAccessorImpl.invoke(NativeMethodAccessorImpl.java:62)
at sun.reflect.DelegatingMethodAccessorImpl.invoke(DelegatingMethodAccessorImpl.java:43)
at java.lang.reflect.Method.invoke(Method.java:498)
at org.testng.internal.MethodInvocationHelper.invokeMethod(MethodInvocationHelper.java:124)
at org.testng.internal.Invoker.invokeMethod(Invoker.java:583)
at org.testng.internal.Invoker.invokeTestMethod(Invoker.java:719)
at org.testng.internal.Invoker.invokeTestMethods(Invoker.java:989)
at org.testng.internal.TestMethodWorker.invokeTestMethods(TestMethodWorker.java:125)
at org.testng.internal.TestMethodWorker.run(TestMethodWorker.java:109)
at org.testng.TestRunner.privateRun(TestRunner.java:648)
at org.testng.TestRunner.run(TestRunner.java:505)
at org.testng.SuiteRunner.runTest(SuiteRunner.java:455)
at org.testng.SuiteRunner.runSequentially(SuiteRunner.java:450)
at org.testng.SuiteRunner.privateRun(SuiteRunner.java:415)
at org.testng.SuiteRunner.run(SuiteRunner.java:364)
at org.testng.SuiteRunnerWorker.runSuite(SuiteRunnerWorker.java:52)
at org.testng.SuiteRunnerWorker.run(SuiteRunnerWorker.java:84)
at org.testng.TestNG.runSuitesSequentially(TestNG.java:1208)
at org.testng.TestNG.runSuitesLocally(TestNG.java:1137)
at org.testng.TestNG.runSuites(TestNG.java:1049)
at org.testng.TestNG.run(TestNG.java:1017)
at org.testng.remote.AbstractRemoteTestNG.run(AbstractRemoteTestNG.java:114)
at org.testng.remote.RemoteTestNG.initAndRun(RemoteTestNG.java:251)
at org.testng.remote.RemoteTestNG.main(RemoteTestNG.java:77)
]]>
            </full-stacktrace>
          </exception> <!-- org.openqa.selenium.NoSuchElementException -->
          <reporter-output>
          </reporter-output>
        </test-method> <!-- viewAllCoursesAvailable -->
        <test-method status="PASS" signature="tearDown()[pri:0, instance:co.edureka.qa.testcases.HomePageTest@75881071]" name="tearDown" is-config="true" duration-ms="713" started-at="2019-02-09T01:11:07Z" finished-at="2019-02-09T01:11:08Z">
          <reporter-output>
          </reporter-output>
        </test-method> <!-- tearDown -->
        <test-method status="PASS" signature="setUp()[pri:0, instance:co.edureka.qa.testcases.HomePageTest@75881071]" name="setUp" is-config="true" duration-ms="13230" started-at="2019-02-09T01:11:08Z" finished-at="2019-02-09T01:11:21Z">
          <reporter-output>
          </reporter-output>
        </test-method> <!-- setUp -->
        <test-method status="PASS" signature="viewAllCoursesAvailable()[pri:2, instance:co.edureka.qa.testcases.HomePageTest@75881071]" name="viewAllCoursesAvailable" duration-ms="27286" started-at="2019-02-09T01:11:21Z" finished-at="2019-02-09T01:11:49Z">
          <reporter-output>
          </reporter-output>
        </test-method> <!-- viewAllCoursesAvailable -->
        <test-method status="PASS" signature="tearDown()[pri:0, instance:co.edureka.qa.testcases.HomePageTest@75881071]" name="tearDown" is-config="true" duration-ms="775" started-at="2019-02-09T01:11:49Z" finished-at="2019-02-09T01:11:49Z">
          <reporter-output>
          </reporter-output>
        </test-method> <!-- tearDown -->
        <test-method status="PASS" signature="setUp()[pri:0, instance:co.edureka.qa.testcases.HomePageTest@75881071]" name="setUp" is-config="true" duration-ms="13199" started-at="2019-02-09T01:11:49Z" finished-at="2019-02-09T01:12:03Z">
          <reporter-output>
          </reporter-output>
        </test-method> <!-- setUp -->
        <test-method status="PASS" signature="verifyMyEnrolledCourses()[pri:3, instance:co.edureka.qa.testcases.HomePageTest@75881071]" name="verifyMyEnrolledCourses" duration-ms="12461" started-at="2019-02-09T01:12:03Z" finished-at="2019-02-09T01:12:15Z">
          <reporter-output>
          </reporter-output>
        </test-method> <!-- verifyMyEnrolledCourses -->
        <test-method status="PASS" signature="tearDown()[pri:0, instance:co.edureka.qa.testcases.HomePageTest@75881071]" name="tearDown" is-config="true" duration-ms="752" started-at="2019-02-09T01:12:15Z" finished-at="2019-02-09T01:12:16Z">
          <reporter-output>
          </reporter-output>
        </test-method> <!-- tearDown -->
        <test-method status="PASS" signature="setUp()[pri:0, instance:co.edureka.qa.testcases.HomePageTest@75881071]" name="setUp" is-config="true" duration-ms="13263" started-at="2019-02-09T01:12:16Z" finished-at="2019-02-09T01:12:29Z">
          <reporter-output>
          </reporter-output>
        </test-method> <!-- setUp -->
        <test-method status="PASS" signature="myProfileUpdate()[pri:4, instance:co.edureka.qa.testcases.HomePageTest@75881071]" name="myProfileUpdate" duration-ms="19593" started-at="2019-02-09T01:12:29Z" finished-at="2019-02-09T01:12:49Z">
          <reporter-output>
          </reporter-output>
        </test-method> <!-- myProfileUpdate -->
        <test-method status="PASS" signature="tearDown()[pri:0, instance:co.edureka.qa.testcases.HomePageTest@75881071]" name="tearDown" is-config="true" duration-ms="750" started-at="2019-02-09T01:12:49Z" finished-at="2019-02-09T01:12:49Z">
          <reporter-output>
          </reporter-output>
        </test-method> <!-- tearDown -->
        <test-method status="PASS" signature="setUp()[pri:0, instance:co.edureka.qa.testcases.HomePageTest@75881071]" name="setUp" is-config="true" duration-ms="12597" started-at="2019-02-09T01:12:49Z" finished-at="2019-02-09T01:13:02Z">
          <reporter-output>
          </reporter-output>
        </test-method> <!-- setUp -->
        <test-method status="PASS" signature="logout()[pri:5, instance:co.edureka.qa.testcases.HomePageTest@75881071]" name="logout" duration-ms="5728" started-at="2019-02-09T01:13:02Z" finished-at="2019-02-09T01:13:08Z">
          <reporter-output>
          </reporter-output>
        </test-method> <!-- logout -->
        <test-method status="PASS" signature="tearDown()[pri:0, instance:co.edureka.qa.testcases.HomePageTest@75881071]" name="tearDown" is-config="true" duration-ms="1092" started-at="2019-02-09T01:13:08Z" finished-at="2019-02-09T01:13:09Z">
          <reporter-output>
          </reporter-output>
        </test-method> <!-- tearDown -->
      </class> <!-- co.edureka.qa.testcases.HomePageTest -->
    </test> <!-- Edureka Application Functional Test set 003 -->
  </suite> <!-- Edureka Application Test Automation Test suite -->
</testng-results>
